<?xml version="1.0" encoding="UTF-8"?>
<testng-results skipped="0" failed="0" total="1" passed="1">
  <reporter-output>
  </reporter-output>
  <suite name="Default suite" duration-ms="58543" started-at="2015-04-24T15:43:39Z" finished-at="2015-04-24T15:44:38Z">
    <groups>
    </groups>
    <test name="Default test" duration-ms="58543" started-at="2015-04-24T15:43:39Z" finished-at="2015-04-24T15:44:38Z">
      <class name="alesia.isachenko.Search">
        <test-method status="PASS" signature="init()[pri:0, instance:alesia.isachenko.Search@1fbc7afb]" name="init" is-config="true" duration-ms="5449" started-at="2015-04-24T17:43:39Z" finished-at="2015-04-24T17:43:45Z">
          <reporter-output>
          </reporter-output>
        </test-method> <!-- init -->
        <test-method status="PASS" signature="Search()[pri:0, instance:alesia.isachenko.Search@1fbc7afb]" name="Search" duration-ms="53052" started-at="2015-04-24T17:43:45Z" finished-at="2015-04-24T17:44:38Z">
          <reporter-output>
          </reporter-output>
        </test-method> <!-- Search -->
        <test-method status="PASS" signature="tearDown()[pri:0, instance:alesia.isachenko.Search@1fbc7afb]" name="tearDown" is-config="true" duration-ms="1135" started-at="2015-04-24T17:44:38Z" finished-at="2015-04-24T17:44:39Z">
          <reporter-output>
          </reporter-output>
        </test-method> <!-- tearDown -->
      </class> <!-- alesia.isachenko.Search -->
    </test> <!-- Default test -->
  </suite> <!-- Default suite -->
</testng-results>
